18:50:09: Creating resource group General
18:50:09: Creating resource group Internal
18:50:09: Creating resource group Autodetect
18:50:09: SceneManagerFactory for type 'DefaultSceneManager' registered.
18:50:09: Registering ResourceManager for type Material
18:50:09: Registering ResourceManager for type Mesh
18:50:09: Registering ResourceManager for type Skeleton
18:50:09: MovableObjectFactory for type 'ParticleSystem' registered.
18:50:09: ArchiveFactory for archive type FileSystem registered.
18:50:09: ArchiveFactory for archive type Zip registered.
18:50:09: ArchiveFactory for archive type EmbeddedZip registered.
18:50:09: DDS codec registering
18:50:09: FreeImage version: 3.17.0
18:50:09: This program uses FreeImage, a free, open source image library supporting all common bitmap formats. See http://freeimage.sourceforge.net for details
18:50:09: Supported formats: bmp,ico,jpg,jif,jpeg,jpe,jng,koa,iff,lbm,mng,pbm,pbm,pcd,pcx,pgm,pgm,png,ppm,ppm,ras,tga,targa,tif,tiff,wap,wbmp,wbm,psd,cut,xbm,xpm,gif,hdr,sgi,rgb,rgba,bw,exr,j2k,j2c,jp2,pfm,pct,pict,pic,3fr,arw,bay,bmq,cap,cine,cr2,crw,cs1,dc2,dcr,drf,dsc,dng,erf,fff,ia,iiq,k25,kc2,kdc,mdc,mef,mos,mrw,nef,nrw,orf,pef,ptx,pxn,qtk,raf,raw,rdc,rw2,rwl,rwz,sr2,srf,srw,sti,x3f,webp,jxr,wdp,hdp
18:50:09: Registering ResourceManager for type HighLevelGpuProgram
18:50:09: Registering ResourceManager for type Compositor
18:50:09: MovableObjectFactory for type 'Entity' registered.
18:50:09: MovableObjectFactory for type 'Light' registered.
18:50:09: MovableObjectFactory for type 'BillboardSet' registered.
18:50:09: MovableObjectFactory for type 'ManualObject' registered.
18:50:09: MovableObjectFactory for type 'BillboardChain' registered.
18:50:09: MovableObjectFactory for type 'RibbonTrail' registered.
18:50:09: Loading library /usr/local/lib/OGRE/RenderSystem_GL
18:50:09: Installing plugin: GL RenderSystem
18:50:09: OpenGL Rendering Subsystem created.
18:50:09: Plugin successfully installed
18:50:09: Loading library /usr/local/lib/OGRE/Plugin_ParticleFX
18:50:09: Installing plugin: ParticleFX
18:50:09: Particle Emitter Type 'Point' registered
18:50:09: Particle Emitter Type 'Box' registered
18:50:09: Particle Emitter Type 'Ellipsoid' registered
18:50:09: Particle Emitter Type 'Cylinder' registered
18:50:09: Particle Emitter Type 'Ring' registered
18:50:09: Particle Emitter Type 'HollowEllipsoid' registered
18:50:09: Particle Affector Type 'LinearForce' registered
18:50:09: Particle Affector Type 'ColourFader' registered
18:50:09: Particle Affector Type 'ColourFader2' registered
18:50:09: Particle Affector Type 'ColourImage' registered
18:50:09: Particle Affector Type 'ColourInterpolator' registered
18:50:09: Particle Affector Type 'Scaler' registered
18:50:09: Particle Affector Type 'Rotator' registered
18:50:09: Particle Affector Type 'DirectionRandomiser' registered
18:50:09: Particle Affector Type 'DeflectorPlane' registered
18:50:09: Plugin successfully installed
18:50:09: Loading library /usr/local/lib/OGRE/Plugin_BSPSceneManager
18:50:09: Installing plugin: BSP Scene Manager
18:50:09: Plugin successfully installed
18:50:09: Loading library /usr/local/lib/OGRE/Plugin_CgProgramManager
18:50:09: Installing plugin: Cg Program Manager
18:50:09: Plugin successfully installed
18:50:09: Loading library /usr/local/lib/OGRE/Plugin_PCZSceneManager
18:50:09: Installing plugin: Portal Connected Zone Scene Manager
18:50:09: PCZone Factory Type 'ZoneType_Default' registered
18:50:09: Plugin successfully installed
18:50:09: Loading library /usr/local/lib/OGRE/Plugin_OctreeZone
18:50:09: Installing plugin: Octree Zone Factory
18:50:09: Plugin successfully installed
18:50:09: Loading library /usr/local/lib/OGRE/Plugin_OctreeSceneManager
18:50:09: Installing plugin: Octree Scene Manager
18:50:09: Plugin successfully installed
18:50:09: *-*-* OGRE Initialising
18:50:09: *-*-* Version 1.9.0 (Ghadamon)
18:50:09: Added resource location '../media/packs/SdkTrays.zip' of type 'Zip' to resource group 'General'
18:50:09: Added resource location '../media' of type 'FileSystem' to resource group 'General'
18:50:09: Added resource location '../media/materials/scripts' of type 'FileSystem' to resource group 'General'
18:50:09: Added resource location '../media/materials/textures' of type 'FileSystem' to resource group 'General'
18:50:09: Added resource location '../media/models' of type 'FileSystem' to resource group 'General'
18:50:09: OGRE EXCEPTION(6:FileNotFoundException): 'ogre.cfg' file not found! in ConfigFile::load at /home/navin/ogre/OgreMain/src/OgreConfigFile.cpp (line 82)
18:50:09: OGRE EXCEPTION(6:FileNotFoundException): 'ogre.cfg' file not found! in ConfigFile::load at /home/navin/ogre/OgreMain/src/OgreConfigFile.cpp (line 82)
18:50:15: CPU Identifier & Features
18:50:15: -------------------------
18:50:15:  *   CPU ID: GenuineIntel: Intel(R) Core(TM) i7-7700 CPU @ 3.60GHz
18:50:15:  *      SSE: yes
18:50:15:  *     SSE2: yes
18:50:15:  *     SSE3: yes
18:50:15:  *      MMX: yes
18:50:15:  *   MMXEXT: yes
18:50:15:  *    3DNOW: no
18:50:15:  * 3DNOWEXT: no
18:50:15:  *     CMOV: yes
18:50:15:  *      TSC: yes
18:50:15:  *      FPU: yes
18:50:15:  *      PRO: yes
18:50:15:  *       HT: no
18:50:15: -------------------------
18:50:15: ******************************
*** Starting GLX Subsystem ***
******************************
18:50:15: Registering ResourceManager for type Texture
18:50:15: GLRenderSystem::_createRenderWindow "TutorialApplication Render Window", 3840x2160 fullscreen  miscParams: FSAA=0 displayFrequency=50 Hz gamma=No vsync=No 
18:50:15: GLXWindow::create used FBConfigID = 202
18:50:15: GL_VERSION = 4.6.0 NVIDIA 387.12
18:50:15: GL_VENDOR = NVIDIA Corporation
18:50:15: GL_RENDERER = GeForce GTX 1080/PCIe/SSE2
18:50:15: GL_EXTENSIONS = GL_AMD_multi_draw_indirect GL_AMD_seamless_cubemap_per_texture GL_AMD_vertex_shader_viewport_index GL_AMD_vertex_shader_layer GL_ARB_arrays_of_arrays GL_ARB_base_instance GL_ARB_bindless_texture GL_ARB_blend_func_extended GL_ARB_buffer_storage GL_ARB_clear_buffer_object GL_ARB_clear_texture GL_ARB_clip_control GL_ARB_color_buffer_float GL_ARB_compatibility GL_ARB_compressed_texture_pixel_storage GL_ARB_conservative_depth GL_ARB_compute_shader GL_ARB_compute_variable_group_size GL_ARB_conditional_render_inverted GL_ARB_copy_buffer GL_ARB_copy_image GL_ARB_cull_distance GL_ARB_debug_output GL_ARB_depth_buffer_float GL_ARB_depth_clamp GL_ARB_depth_texture GL_ARB_derivative_control GL_ARB_direct_state_access GL_ARB_draw_buffers GL_ARB_draw_buffers_blend GL_ARB_draw_indirect GL_ARB_draw_elements_base_vertex GL_ARB_draw_instanced GL_ARB_enhanced_layouts GL_ARB_ES2_compatibility GL_ARB_ES3_compatibility GL_ARB_ES3_1_compatibility GL_ARB_ES3_2_compatibility GL_ARB_explicit_attrib_location GL_ARB_explicit_uniform_location GL_ARB_fragment_coord_conventions GL_ARB_fragment_layer_viewport GL_ARB_fragment_program GL_ARB_fragment_program_shadow GL_ARB_fragment_shader GL_ARB_fragment_shader_interlock GL_ARB_framebuffer_no_attachments GL_ARB_framebuffer_object GL_ARB_framebuffer_sRGB GL_ARB_geometry_shader4 GL_ARB_get_program_binary GL_ARB_get_texture_sub_image GL_ARB_gl_spirv GL_ARB_gpu_shader5 GL_ARB_gpu_shader_fp64 GL_ARB_gpu_shader_int64 GL_ARB_half_float_pixel GL_ARB_half_float_vertex GL_ARB_imaging GL_ARB_indirect_parameters GL_ARB_instanced_arrays GL_ARB_internalformat_query GL_ARB_internalformat_query2 GL_ARB_invalidate_subdata GL_ARB_map_buffer_alignment GL_ARB_map_buffer_range GL_ARB_multi_bind GL_ARB_multi_draw_indirect GL_ARB_multisample GL_ARB_multitexture GL_ARB_occlusion_query GL_ARB_occlusion_query2 GL_ARB_parallel_shader_compile GL_ARB_pipeline_statistics_query GL_ARB_pixel_buffer_object GL_ARB_point_parameters GL_ARB_point_sprite GL_ARB_polygon_offset_clamp GL_ARB_post_depth_coverage GL_ARB_program_interface_query GL_ARB_provoking_vertex GL_ARB_query_buffer_object GL_ARB_robust_buffer_access_behavior GL_ARB_robustness GL_ARB_sample_locations GL_ARB_sample_shading GL_ARB_sampler_objects GL_ARB_seamless_cube_map GL_ARB_seamless_cubemap_per_texture GL_ARB_separate_shader_objects GL_ARB_shader_atomic_counter_ops GL_ARB_shader_atomic_counters GL_ARB_shader_ballot GL_ARB_shader_bit_encoding GL_ARB_shader_clock GL_ARB_shader_draw_parameters GL_ARB_shader_group_vote GL_ARB_shader_image_load_store GL_ARB_shader_image_size GL_ARB_shader_objects GL_ARB_shader_precision GL_ARB_shader_storage_buffer_object GL_ARB_shader_subroutine GL_ARB_shader_texture_image_samples GL_ARB_shader_texture_lod GL_ARB_shading_language_100 GL_ARB_shader_viewport_layer_array GL_ARB_shading_language_420pack GL_ARB_shading_language_include GL_ARB_shading_language_packing GL_ARB_shadow GL_ARB_sparse_buffer GL_ARB_sparse_texture GL_ARB_sparse_texture2 GL_ARB_sparse_texture_clamp GL_ARB_spirv_extensions GL_ARB_stencil_texturing GL_ARB_sync GL_ARB_tessellation_shader GL_ARB_texture_barrier GL_ARB_texture_border_clamp GL_ARB_texture_buffer_object GL_ARB_texture_buffer_object_rgb32 GL_ARB_texture_buffer_range GL_ARB_texture_compression GL_ARB_texture_compression_bptc GL_ARB_texture_compression_rgtc GL_ARB_texture_cube_map GL_ARB_texture_cube_map_array GL_ARB_texture_env_add GL_ARB_texture_env_combine GL_ARB_texture_env_crossbar GL_ARB_texture_env_dot3 GL_ARB_texture_filter_anisotropic GL_ARB_texture_filter_minmax GL_ARB_texture_float GL_ARB_texture_gather GL_ARB_texture_mirror_clamp_to_edge GL_ARB_texture_mirrored_repeat GL_ARB_texture_multisample GL_ARB_texture_non_power_of_two GL_ARB_texture_query_levels GL_ARB_texture_query_lod GL_ARB_texture_rectangle GL_ARB_texture_rg GL_ARB_texture_rgb10_a2ui GL_ARB_texture_stencil8 GL_ARB_texture_storage GL_ARB_texture_storage_multisample GL_ARB_texture_swizzle GL_ARB_texture_view GL_ARB_timer_query GL_ARB_transform_feedback2 GL_ARB_transform_feedback3 GL_ARB_transform_feedback_instanced GL_ARB_transform_feedback_overflow_query GL_ARB_transpose_matrix GL_ARB_uniform_buffer_object GL_ARB_vertex_array_bgra GL_ARB_vertex_array_object GL_ARB_vertex_attrib_64bit GL_ARB_vertex_attrib_binding GL_ARB_vertex_buffer_object GL_ARB_vertex_program GL_ARB_vertex_shader GL_ARB_vertex_type_10f_11f_11f_rev GL_ARB_vertex_type_2_10_10_10_rev GL_ARB_viewport_array GL_ARB_window_pos GL_ATI_draw_buffers GL_ATI_texture_float GL_ATI_texture_mirror_once GL_S3_s3tc GL_EXT_texture_env_add GL_EXT_abgr GL_EXT_bgra GL_EXT_bindable_uniform GL_EXT_blend_color GL_EXT_blend_equation_separate GL_EXT_blend_func_separate GL_EXT_blend_minmax GL_EXT_blend_subtract GL_EXT_compiled_vertex_array GL_EXT_Cg_shader GL_EXT_depth_bounds_test GL_EXT_direct_state_access GL_EXT_draw_buffers2 GL_EXT_draw_instanced GL_EXT_draw_range_elements GL_EXT_fog_coord GL_EXT_framebuffer_blit GL_EXT_framebuffer_multisample GL_EXTX_framebuffer_mixed_formats GL_EXT_framebuffer_multisample_blit_scaled GL_EXT_framebuffer_object GL_EXT_framebuffer_sRGB GL_EXT_geometry_shader4 GL_EXT_gpu_program_parameters GL_EXT_gpu_shader4 GL_EXT_multi_draw_arrays GL_EXT_packed_depth_stencil GL_EXT_packed_float GL_EXT_packed_pixels GL_EXT_pixel_buffer_object GL_EXT_point_parameters GL_EXT_polygon_offset_clamp GL_EXT_post_depth_coverage GL_EXT_provoking_vertex GL_EXT_raster_multisample GL_EXT_rescale_normal GL_EXT_secondary_color GL_EXT_separate_shader_objects GL_EXT_separate_specular_color GL_EXT_shader_image_load_formatted GL_EXT_shader_image_load_store GL_EXT_shader_integer_mix GL_EXT_shadow_funcs GL_EXT_sparse_texture2 GL_EXT_stencil_two_side GL_EXT_stencil_wrap GL_EXT_texture3D GL_EXT_texture_array GL_EXT_texture_buffer_object GL_EXT_texture_compression_dxt1 GL_EXT_texture_compression_latc GL_EXT_texture_compression_rgtc GL_EXT_texture_compression_s3tc GL_EXT_texture_cube_map GL_EXT_texture_edge_clamp GL_EXT_texture_env_combine GL_EXT_texture_env_dot3 GL_EXT_texture_filter_anisotropic GL_EXT_texture_filter_minmax GL_EXT_texture_integer GL_EXT_texture_lod GL_EXT_texture_lod_bias GL_EXT_texture_mirror_clamp GL_EXT_texture_object GL_EXT_texture_shared_exponent GL_EXT_texture_sRGB GL_EXT_texture_sRGB_decode GL_EXT_texture_storage GL_EXT_texture_swizzle GL_EXT_timer_query GL_EXT_transform_feedback2 GL_EXT_vertex_array GL_EXT_vertex_array_bgra GL_EXT_vertex_attrib_64bit GL_EXT_window_rectangles GL_EXT_x11_sync_object GL_EXT_import_sync_object GL_NV_robustness_video_memory_purge GL_IBM_rasterpos_clip GL_IBM_texture_mirrored_repeat GL_KHR_context_flush_control GL_KHR_debug GL_EXT_memory_object GL_EXT_memory_object_fd GL_KHR_parallel_shader_compile GL_KHR_no_error GL_KHR_robust_buffer_access_behavior GL_KHR_robustness GL_EXT_semaphore GL_EXT_semaphore_fd GL_KTX_buffer_region GL_NV_alpha_to_coverage_dither_control GL_NV_bindless_multi_draw_indirect GL_NV_bindless_multi_draw_indirect_count GL_NV_bindless_texture GL_NV_blend_equation_advanced GL_NV_blend_equation_advanced_coherent GL_NVX_blend_equation_advanced_multi_draw_buffers GL_NV_blend_minmax_factor GL_NV_blend_square GL_NV_clip_space_w_scaling GL_NV_command_list GL_NV_compute_program5 GL_NV_conditional_render GL_NV_conservative_raster GL_NV_conservative_raster_dilate GL_NV_conservative_raster_pre_snap_triangles GL_NV_copy_depth_to_color GL_NV_copy_image GL_NV_depth_buffer_float GL_NV_depth_clamp GL_NV_draw_texture GL_NV_draw_vulkan_image GL_NV_ES1_1_compatibility GL_NV_ES3_1_compatibility GL_NV_explicit_multisample GL_NV_fence GL_NV_fill_rectangle GL_NV_float_buffer GL_NV_fog_distance GL_NV_fragment_coverage_to_color GL_NV_fragment_program GL_NV_fragment_program_option GL_NV_fragment_program2 GL_NV_fragment_shader_interlock GL_NV_framebuffer_mixed_samples GL_NV_framebuffer_multisample_coverage GL_NV_geometry_shader4 GL_NV_geometry_shader_passthrough GL_NV_gpu_program4 GL_NV_internalformat_sample_query GL_NV_gpu_program4_1 GL_NV_gpu_program5 GL_NV_gpu_program5_mem_extended GL_NV_gpu_program_fp64 GL_NV_gpu_shader5 GL_NV_half_float GL_NV_light_max_exponent GL_NV_multisample_coverage GL_NV_multisample_filter_hint GL_NV_occlusion_query GL_NV_packed_depth_stencil GL_NV_parameter_buffer_object GL_NV_parameter_buffer_object2 GL_NV_path_rendering GL_NV_path_rendering_shared_edge GL_NV_pixel_data_range GL_NV_point_sprite GL_NV_primitive_restart GL_NV_query_resource GL_NV_query_resource_tag GL_NV_register_combiners GL_NV_register_combiners2 GL_NV_sample_locations GL_NV_sample_mask_override_coverage GL_NV_shader_atomic_counters GL_NV_shader_atomic_float GL_NV_shader_atomic_float64 GL_NV_shader_atomic_fp16_vector GL_NV_shader_atomic_int64 GL_NV_shader_buffer_load GL_NV_shader_storage_buffer_object GL_NV_stereo_view_rendering GL_NV_texgen_reflection GL_NV_texture_barrier GL_NV_texture_compression_vtc GL_NV_texture_env_combine4 GL_NV_texture_multisample GL_NV_texture_rectangle GL_NV_texture_rectangle_compressed GL_NV_texture_shader GL_NV_texture_shader2 GL_NV_texture_shader3 GL_NV_transform_feedback GL_NV_transform_feedback2 GL_NV_uniform_buffer_unified_memory GL_NV_vdpau_interop GL_NV_vertex_array_range GL_NV_vertex_array_range2 GL_NV_vertex_attrib_integer_64bit GL_NV_vertex_buffer_unified_memory GL_NV_vertex_program GL_NV_vertex_program1_1 GL_NV_vertex_program2 GL_NV_vertex_program2_option GL_NV_vertex_program3 GL_NV_viewport_array2 GL_NV_viewport_swizzle GL_NVX_conditional_render GL_NVX_gpu_memory_info GL_NVX_nvenc_interop GL_NV_shader_thread_group GL_NV_shader_thread_shuffle GL_KHR_blend_equation_advanced GL_KHR_blend_equation_advanced_coherent GL_SGIS_generate_mipmap GL_SGIS_texture_lod GL_SGIX_depth_texture GL_SGIX_shadow GL_SUN_slice_accum 
18:50:15: Supported GLX extensions: GLX_EXT_visual_info GLX_EXT_visual_rating GLX_EXT_import_context GLX_SGIX_fbconfig GLX_SGIX_pbuffer GLX_SGI_video_sync GLX_SGI_swap_control GLX_EXT_swap_control GLX_EXT_swap_control_tear GLX_EXT_texture_from_pixmap GLX_EXT_buffer_age GLX_ARB_create_context GLX_ARB_create_context_profile GLX_EXT_create_context_es_profile GLX_EXT_create_context_es2_profile GLX_ARB_create_context_no_error GLX_ARB_create_context_robustness GLX_NV_delay_before_swap GLX_EXT_stereo_tree GLX_ARB_context_flush_control GLX_NV_robustness_video_memory_purge GLX_ARB_multisample GLX_NV_float_buffer GLX_ARB_fbconfig_float GLX_EXT_framebuffer_sRGB GLX_NV_copy_image GLX_ARB_get_proc_address 
18:50:15: ***************************
18:50:15: *** GL Renderer Started ***
18:50:15: ***************************
18:50:15: Registering ResourceManager for type GpuProgram
18:50:15: GLSL support detected
18:50:15: GL: Using GL_EXT_framebuffer_object for rendering to textures (best)
18:50:15: FBO PF_UNKNOWN depth/stencil support: D0S8 D16S0 D24S0 D32S0 Packed-D24S8 
18:50:15: FBO PF_L8 depth/stencil support: D0S0 D0S8 D16S0 D24S0 D32S0 Packed-D24S8 
18:50:15: FBO PF_A8 depth/stencil support: D0S0 D0S8 D16S0 D24S0 D32S0 Packed-D24S8 
18:50:15: FBO PF_A4L4 depth/stencil support: D0S0 D0S8 D16S0 D24S0 D32S0 Packed-D24S8 
18:50:15: FBO PF_BYTE_LA depth/stencil support: D0S0 D0S8 D16S0 D24S0 D32S0 Packed-D24S8 
18:50:16: FBO PF_R5G6B5 depth/stencil support: D0S0 D0S8 D16S0 D24S0 D32S0 Packed-D24S8 
18:50:16: FBO PF_B5G6R5 depth/stencil support: D0S0 D0S8 D16S0 D24S0 D32S0 Packed-D24S8 
18:50:16: FBO PF_A4R4G4B4 depth/stencil support: D0S0 D0S8 D16S0 D24S0 D32S0 Packed-D24S8 
18:50:16: FBO PF_A1R5G5B5 depth/stencil support: D0S0 D0S8 D16S0 D24S0 D32S0 Packed-D24S8 
18:50:16: FBO PF_R8G8B8 depth/stencil support: D0S0 D0S8 D16S0 D24S0 D32S0 Packed-D24S8 
18:50:16: FBO PF_B8G8R8 depth/stencil support: D0S0 D0S8 D16S0 D24S0 D32S0 Packed-D24S8 
18:50:16: FBO PF_A8R8G8B8 depth/stencil support: D0S0 D0S8 D16S0 D24S0 D32S0 Packed-D24S8 
18:50:16: FBO PF_B8G8R8A8 depth/stencil support: D0S0 D0S8 D16S0 D24S0 D32S0 Packed-D24S8 
18:50:16: FBO PF_A2R10G10B10 depth/stencil support: D0S0 D0S8 D16S0 D24S0 D32S0 Packed-D24S8 
18:50:16: FBO PF_A2B10G10R10 depth/stencil support: D0S0 D0S8 D16S0 D24S0 D32S0 Packed-D24S8 
18:50:16: FBO PF_FLOAT16_RGB depth/stencil support: D0S0 D0S8 D16S0 D24S0 D32S0 Packed-D24S8 
18:50:16: FBO PF_FLOAT16_RGBA depth/stencil support: D0S0 D0S8 D16S0 D24S0 D32S0 Packed-D24S8 
18:50:16: FBO PF_FLOAT32_RGB depth/stencil support: D0S0 D0S8 D16S0 D24S0 D32S0 Packed-D24S8 
18:50:16: FBO PF_FLOAT32_RGBA depth/stencil support: D0S0 D0S8 D16S0 D24S0 D32S0 Packed-D24S8 
18:50:16: FBO PF_X8R8G8B8 depth/stencil support: D0S0 D0S8 D16S0 D24S0 D32S0 Packed-D24S8 
18:50:16: FBO PF_X8B8G8R8 depth/stencil support: D0S0 D0S8 D16S0 D24S0 D32S0 Packed-D24S8 
18:50:16: FBO PF_SHORT_RGBA depth/stencil support: D0S0 D0S8 D16S0 D24S0 D32S0 Packed-D24S8 
18:50:16: FBO PF_R3G3B2 depth/stencil support: D0S0 D0S8 D16S0 D24S0 D32S0 Packed-D24S8 
18:50:16: FBO PF_FLOAT16_R depth/stencil support: D0S0 D0S8 D16S0 D24S0 D32S0 Packed-D24S8 
18:50:16: FBO PF_FLOAT32_R depth/stencil support: D0S0 D0S8 D16S0 D24S0 D32S0 Packed-D24S8 
18:50:16: FBO PF_FLOAT16_GR depth/stencil support: D0S0 D0S8 D16S0 D24S0 D32S0 Packed-D24S8 
18:50:16: FBO PF_FLOAT32_GR depth/stencil support: D0S0 D0S8 D16S0 D24S0 D32S0 Packed-D24S8 
18:50:16: FBO PF_SHORT_RGB depth/stencil support: D0S0 D0S8 D16S0 D24S0 D32S0 Packed-D24S8 
18:50:16: [GL] : Valid FBO targets PF_UNKNOWN PF_L8 PF_A8 PF_A4L4 PF_BYTE_LA PF_R5G6B5 PF_B5G6R5 PF_A4R4G4B4 PF_A1R5G5B5 PF_R8G8B8 PF_B8G8R8 PF_A8R8G8B8 PF_B8G8R8A8 PF_A2R10G10B10 PF_A2B10G10R10 PF_FLOAT16_RGB PF_FLOAT16_RGBA PF_FLOAT32_RGB PF_FLOAT32_RGBA PF_X8R8G8B8 PF_X8B8G8R8 PF_SHORT_RGBA PF_R3G3B2 PF_FLOAT16_R PF_FLOAT32_R PF_FLOAT16_GR PF_FLOAT32_GR PF_SHORT_RGB 
18:50:16: RenderSystem capabilities
18:50:16: -------------------------
18:50:16: RenderSystem Name: OpenGL Rendering Subsystem
18:50:16: GPU Vendor: nvidia
18:50:16: Device Name: GeForce GTX 1080/PCIe/SSE2
18:50:16: Driver Version: 4.6.0.0
18:50:16:  * Fixed function pipeline: yes
18:50:16:  * Hardware generation of mipmaps: yes
18:50:16:  * Texture blending: yes
18:50:16:  * Anisotropic texture filtering: yes
18:50:16:  * Dot product texture operation: yes
18:50:16:  * Cube mapping: yes
18:50:16:  * Hardware stencil buffer: yes
18:50:16:    - Stencil depth: 8
18:50:16:    - Two sided stencil support: yes
18:50:16:    - Wrap stencil values: yes
18:50:16:  * Hardware vertex / index buffers: yes
18:50:16:  * 32-bit index buffers: yes
18:50:16:  * Vertex programs: yes
18:50:16:  * Number of floating-point constants for vertex programs: 1024
18:50:16:  * Number of integer constants for vertex programs: 0
18:50:16:  * Number of boolean constants for vertex programs: 0
18:50:16:  * Fragment programs: yes
18:50:16:  * Number of floating-point constants for fragment programs: 1024
18:50:16:  * Number of integer constants for fragment programs: 0
18:50:16:  * Number of boolean constants for fragment programs: 0
18:50:16:  * Geometry programs: yes
18:50:16:  * Number of floating-point constants for geometry programs: 2048
18:50:16:  * Number of integer constants for geometry programs: 0
18:50:16:  * Number of boolean constants for geometry programs: 0
18:50:16:  * Tesselation Hull programs: no
18:50:16:  * Number of floating-point constants for tesselation hull programs: 14384
18:50:16:  * Number of integer constants for tesselation hull programs: 48
18:50:16:  * Number of boolean constants for tesselation hull programs: 0
18:50:16:  * Tesselation Domain programs: no
18:50:16:  * Number of floating-point constants for tesselation domain programs: 0
18:50:16:  * Number of integer constants for tesselation domain programs: 32296
18:50:16:  * Number of boolean constants for tesselation domain programs: 15923
18:50:16:  * Compute programs: no
18:50:16:  * Number of floating-point constants for compute programs: 32655
18:50:16:  * Number of integer constants for compute programs: 0
18:50:16:  * Number of boolean constants for compute programs: 11
18:50:16:  * Supported Shader Profiles: arbfp1 arbvp1 fp20 fp30 fp40 glsl glsl100 glsl110 glsl120 gp4fp gp4gp gp4vp gpu_fp gpu_gp gpu_vp nvgp4 vp30 vp40
18:50:16:  * Texture Compression: yes
18:50:16:    - DXT: yes
18:50:16:    - VTC: yes
18:50:16:    - PVRTC: no
18:50:16:    - ATC: no
18:50:16:    - ETC1: no
18:50:16:    - ETC2: no
18:50:16:    - BC4/BC5: no
18:50:16:    - BC6H/BC7: no
18:50:16:  * Scissor Rectangle: yes
18:50:16:  * Hardware Occlusion Query: yes
18:50:16:  * User clip planes: yes
18:50:16:  * VET_UBYTE4 vertex element type: yes
18:50:16:  * Infinite far plane projection: yes
18:50:16:  * Hardware render-to-texture: yes
18:50:16:  * Floating point textures: yes
18:50:16:  * Non-power-of-two textures: yes
18:50:16:  * 1d textures: yes
18:50:16:  * Volume textures: yes
18:50:16:  * Multiple Render Targets: 8
18:50:16:    - With different bit depths: yes
18:50:16:  * Point Sprites: yes
18:50:16:  * Extended point parameters: yes
18:50:16:  * Max Point Size: 2047
18:50:16:  * Vertex texture fetch: yes
18:50:16:  * Number of world matrices: 0
18:50:16:  * Number of texture units: 16
18:50:16:  * Stencil buffer depth: 8
18:50:16:  * Number of vertex blend matrices: 0
18:50:16:    - Max vertex textures: 32
18:50:16:    - Vertex textures shared: yes
18:50:16:  * Render to Vertex Buffer : yes
18:50:16:  * Hardware Atomic Counters: no
18:50:16:  * GL 1.5 without VBO workaround: no
18:50:16:  * Frame Buffer objects: yes
18:50:16:  * Frame Buffer objects (ARB extension): no
18:50:16:  * Frame Buffer objects (ATI extension): no
18:50:16:  * PBuffer support: yes
18:50:16:  * GL 1.5 without HW-occlusion workaround: no
18:50:16:  * Vertex Array Objects: no
18:50:16:  * Separate shader objects: no
18:50:16: DefaultWorkQueue('Root') initialising on thread 7f8f3e42b800.
18:50:16: DefaultWorkQueue('Root')::WorkerFunc - thread 7f8f3012b700 starting.
18:50:16: DefaultWorkQueue('Root')::WorkerFunc - thread 7f8f2f92a700 starting.
18:50:16: DefaultWorkQueue('Root')::WorkerFunc - thread 7f8f27fff700 starting.
18:50:16: DefaultWorkQueue('Root')::WorkerFunc - thread 7f8f2f129700 starting.
18:50:16: DefaultWorkQueue('Root')::WorkerFunc - thread 7f8f2e928700 starting.
18:50:16: DefaultWorkQueue('Root')::WorkerFunc - thread 7f8f2e127700 starting.
18:50:16: DefaultWorkQueue('Root')::WorkerFunc - thread 7f8f2d926700 starting.
18:50:16: DefaultWorkQueue('Root')::WorkerFunc - thread 7f8f2d125700 starting.
18:50:16: Particle Renderer Type 'billboard' registered
18:50:16: SceneManagerFactory for type 'BspSceneManager' registered.
18:50:16: Registering ResourceManager for type BspLevel
18:50:16: SceneManagerFactory for type 'PCZSceneManager' registered.
18:50:16: MovableObjectFactory for type 'PCZLight' registered.
18:50:16: MovableObjectFactory for type 'Portal' registered.
18:50:16: MovableObjectFactory for type 'AntiPortal' registered.
18:50:16: PCZone Factory Type 'ZoneType_Octree' registered
18:50:16: SceneManagerFactory for type 'OctreeSceneManager' registered.
18:50:16: OverlayElementFactory for type Panel registered.
18:50:16: OverlayElementFactory for type BorderPanel registered.
18:50:16: OverlayElementFactory for type TextArea registered.
18:50:16: Registering ResourceManager for type Font
18:50:16: Parsing scripts for resource group Autodetect
18:50:16: Finished parsing scripts for resource group Autodetect
18:50:16: Creating resources for group Autodetect
18:50:16: All done
18:50:16: Parsing scripts for resource group General
18:50:16: Parsing script SdkTrays.material
18:50:16: Parsing script Ogre.material
18:50:16: Parsing script Examples.material
18:50:16: Compiler error: reference to a non existing object in Examples.material(353)
18:50:16: OGRE EXCEPTION(6:FileNotFoundException): Cannot locate resource hdr.cg in resource group General or any other group. in ResourceGroupManager::openResource at /home/navin/ogre/OgreMain/src/OgreResourceGroupManager.cpp (line 756)
18:50:16: High-level program Examples/MorningSkyBoxHDRfpCg encountered an error during loading and is thus not supported.
OGRE EXCEPTION(6:FileNotFoundException): Cannot locate resource hdr.cg in resource group General or any other group. in ResourceGroupManager::openResource at /home/navin/ogre/OgreMain/src/OgreResourceGroupManager.cpp (line 756)
18:50:16: OGRE EXCEPTION(6:FileNotFoundException): Cannot locate resource hdr.cg in resource group General or any other group. in ResourceGroupManager::openResource at /home/navin/ogre/OgreMain/src/OgreResourceGroupManager.cpp (line 756)
18:50:16: High-level program Examples/MorningCubeMapHDRfp encountered an error during loading and is thus not supported.
OGRE EXCEPTION(6:FileNotFoundException): Cannot locate resource hdr.cg in resource group General or any other group. in ResourceGroupManager::openResource at /home/navin/ogre/OgreMain/src/OgreResourceGroupManager.cpp (line 756)
18:50:16: Compiler error: reference to a non existing object in Examples.material(872)
18:50:16: Compiler error: reference to a non existing object in Examples.material(884)
18:50:16: OGRE EXCEPTION(6:FileNotFoundException): Cannot locate resource Grass.cg in resource group General or any other group. in ResourceGroupManager::openResource at /home/navin/ogre/OgreMain/src/OgreResourceGroupManager.cpp (line 756)
18:50:16: High-level program Examples/GrassWaverVpCg encountered an error during loading and is thus not supported.
OGRE EXCEPTION(6:FileNotFoundException): Cannot locate resource Grass.cg in resource group General or any other group. in ResourceGroupManager::openResource at /home/navin/ogre/OgreMain/src/OgreResourceGroupManager.cpp (line 756)
18:50:16: OGRE EXCEPTION(2:InvalidParametersException): Named constants have not been initialised, perhaps a compile error. in GpuProgramParameters::_findNamedConstantDefinition at /home/navin/ogre/OgreMain/src/OgreGpuProgramParams.cpp (line 1709)
18:50:16: Compiler error: invalid parameters in Examples.material(934): setting of constant failed
18:50:16: OGRE EXCEPTION(2:InvalidParametersException): Named constants have not been initialised, perhaps a compile error. in GpuProgramParameters::_findNamedConstantDefinition at /home/navin/ogre/OgreMain/src/OgreGpuProgramParams.cpp (line 1709)
18:50:16: Compiler error: invalid parameters in Examples.material(938): setting of constant failed
18:50:16: OGRE EXCEPTION(2:InvalidParametersException): Named constants have not been initialised, perhaps a compile error. in GpuProgramParameters::_findNamedConstantDefinition at /home/navin/ogre/OgreMain/src/OgreGpuProgramParams.cpp (line 1709)
18:50:16: Compiler error: invalid parameters in Examples.material(939): setting of constant failed
18:50:16: OGRE EXCEPTION(2:InvalidParametersException): Named constants have not been initialised, perhaps a compile error. in GpuProgramParameters::_findNamedConstantDefinition at /home/navin/ogre/OgreMain/src/OgreGpuProgramParams.cpp (line 1709)
18:50:16: Compiler error: invalid parameters in Examples.material(940): setting of constant failed
18:50:16: OGRE EXCEPTION(2:InvalidParametersException): Named constants have not been initialised, perhaps a compile error. in GpuProgramParameters::_findNamedConstantDefinition at /home/navin/ogre/OgreMain/src/OgreGpuProgramParams.cpp (line 1709)
18:50:16: Compiler error: invalid parameters in Examples.material(942): setting of constant failed
18:50:16: OGRE EXCEPTION(6:FileNotFoundException): Cannot locate resource Grass.cg in resource group General or any other group. in ResourceGroupManager::openResource at /home/navin/ogre/OgreMain/src/OgreResourceGroupManager.cpp (line 756)
18:50:16: High-level program Examples/GrassWaverTexVpCg encountered an error during loading and is thus not supported.
OGRE EXCEPTION(6:FileNotFoundException): Cannot locate resource Grass.cg in resource group General or any other group. in ResourceGroupManager::openResource at /home/navin/ogre/OgreMain/src/OgreResourceGroupManager.cpp (line 756)
18:50:16: OGRE EXCEPTION(2:InvalidParametersException): Named constants have not been initialised, perhaps a compile error. in GpuProgramParameters::_findNamedConstantDefinition at /home/navin/ogre/OgreMain/src/OgreGpuProgramParams.cpp (line 1709)
18:50:16: Compiler error: invalid parameters in Examples.material(954): setting of constant failed
18:50:16: OGRE EXCEPTION(2:InvalidParametersException): Named constants have not been initialised, perhaps a compile error. in GpuProgramParameters::_findNamedConstantDefinition at /home/navin/ogre/OgreMain/src/OgreGpuProgramParams.cpp (line 1709)
18:50:16: Compiler error: invalid parameters in Examples.material(955): setting of constant failed
18:50:16: OGRE EXCEPTION(6:FileNotFoundException): Cannot locate resource Grass.cg in resource group General or any other group. in ResourceGroupManager::openResource at /home/navin/ogre/OgreMain/src/OgreResourceGroupManager.cpp (line 756)
18:50:16: High-level program Examples/GrassWaverAmbientVpCg encountered an error during loading and is thus not supported.
OGRE EXCEPTION(6:FileNotFoundException): Cannot locate resource Grass.cg in resource group General or any other group. in ResourceGroupManager::openResource at /home/navin/ogre/OgreMain/src/OgreResourceGroupManager.cpp (line 756)
18:50:16: OGRE EXCEPTION(2:InvalidParametersException): Named constants have not been initialised, perhaps a compile error. in GpuProgramParameters::_findNamedConstantDefinition at /home/navin/ogre/OgreMain/src/OgreGpuProgramParams.cpp (line 1709)
18:50:16: Compiler error: invalid parameters in Examples.material(966): setting of constant failed
18:50:16: OGRE EXCEPTION(2:InvalidParametersException): Named constants have not been initialised, perhaps a compile error. in GpuProgramParameters::_findNamedConstantDefinition at /home/navin/ogre/OgreMain/src/OgreGpuProgramParams.cpp (line 1709)
18:50:16: Compiler error: invalid parameters in Examples.material(967): setting of constant failed
18:50:16: OGRE EXCEPTION(2:InvalidParametersException): Named constants have not been initialised, perhaps a compile error. in GpuProgramParameters::_findNamedConstantDefinition at /home/navin/ogre/OgreMain/src/OgreGpuProgramParams.cpp (line 1709)
18:50:16: Compiler error: invalid parameters in Examples.material(968): setting of constant failed
18:50:16: OGRE EXCEPTION(6:FileNotFoundException): Cannot locate resource Grass.cg in resource group General or any other group. in ResourceGroupManager::openResource at /home/navin/ogre/OgreMain/src/OgreResourceGroupManager.cpp (line 756)
18:50:16: High-level program Examples/GrassWaverAmbientFpCg encountered an error during loading and is thus not supported.
OGRE EXCEPTION(6:FileNotFoundException): Cannot locate resource Grass.cg in resource group General or any other group. in ResourceGroupManager::openResource at /home/navin/ogre/OgreMain/src/OgreResourceGroupManager.cpp (line 756)
18:50:16: OGRE EXCEPTION(6:FileNotFoundException): Cannot locate resource Grass.cg in resource group General or any other group. in ResourceGroupManager::openResource at /home/navin/ogre/OgreMain/src/OgreResourceGroupManager.cpp (line 756)
18:50:16: High-level program Examples/GrassWaverFpCg encountered an error during loading and is thus not supported.
OGRE EXCEPTION(6:FileNotFoundException): Cannot locate resource Grass.cg in resource group General or any other group. in ResourceGroupManager::openResource at /home/navin/ogre/OgreMain/src/OgreResourceGroupManager.cpp (line 756)
18:50:16: OGRE EXCEPTION(6:FileNotFoundException): Cannot locate resource Grass.cg in resource group General or any other group. in ResourceGroupManager::openResource at /home/navin/ogre/OgreMain/src/OgreResourceGroupManager.cpp (line 756)
18:50:16: High-level program Examples/GrassWaverCasterVpCg encountered an error during loading and is thus not supported.
OGRE EXCEPTION(6:FileNotFoundException): Cannot locate resource Grass.cg in resource group General or any other group. in ResourceGroupManager::openResource at /home/navin/ogre/OgreMain/src/OgreResourceGroupManager.cpp (line 756)
18:50:16: OGRE EXCEPTION(2:InvalidParametersException): Named constants have not been initialised, perhaps a compile error. in GpuProgramParameters::_findNamedConstantDefinition at /home/navin/ogre/OgreMain/src/OgreGpuProgramParams.cpp (line 1709)
18:50:16: Compiler error: invalid parameters in Examples.material(998): setting of constant failed
18:50:16: OGRE EXCEPTION(2:InvalidParametersException): Named constants have not been initialised, perhaps a compile error. in GpuProgramParameters::_findNamedConstantDefinition at /home/navin/ogre/OgreMain/src/OgreGpuProgramParams.cpp (line 1709)
18:50:16: Compiler error: invalid parameters in Examples.material(999): setting of constant failed
18:50:16: OGRE EXCEPTION(2:InvalidParametersException): Named constants have not been initialised, perhaps a compile error. in GpuProgramParameters::_findNamedConstantDefinition at /home/navin/ogre/OgreMain/src/OgreGpuProgramParams.cpp (line 1709)
18:50:16: Compiler error: invalid parameters in Examples.material(1000): setting of constant failed
18:50:16: OGRE EXCEPTION(6:FileNotFoundException): Cannot locate resource Grass.cg in resource group General or any other group. in ResourceGroupManager::openResource at /home/navin/ogre/OgreMain/src/OgreResourceGroupManager.cpp (line 756)
18:50:16: High-level program Examples/GrassWaverCasterFpCg encountered an error during loading and is thus not supported.
OGRE EXCEPTION(6:FileNotFoundException): Cannot locate resource Grass.cg in resource group General or any other group. in ResourceGroupManager::openResource at /home/navin/ogre/OgreMain/src/OgreResourceGroupManager.cpp (line 756)
18:50:16: OGRE EXCEPTION(6:FileNotFoundException): Cannot locate resource Grass.cg in resource group General or any other group. in ResourceGroupManager::openResource at /home/navin/ogre/OgreMain/src/OgreResourceGroupManager.cpp (line 756)
18:50:16: High-level program Examples/GrassWaverReceiverVpCg encountered an error during loading and is thus not supported.
OGRE EXCEPTION(6:FileNotFoundException): Cannot locate resource Grass.cg in resource group General or any other group. in ResourceGroupManager::openResource at /home/navin/ogre/OgreMain/src/OgreResourceGroupManager.cpp (line 756)
18:50:16: OGRE EXCEPTION(2:InvalidParametersException): Named constants have not been initialised, perhaps a compile error. in GpuProgramParameters::_findNamedConstantDefinition at /home/navin/ogre/OgreMain/src/OgreGpuProgramParams.cpp (line 1709)
18:50:16: Compiler error: invalid parameters in Examples.material(1021): setting of constant failed
18:50:16: OGRE EXCEPTION(2:InvalidParametersException): Named constants have not been initialised, perhaps a compile error. in GpuProgramParameters::_findNamedConstantDefinition at /home/navin/ogre/OgreMain/src/OgreGpuProgramParams.cpp (line 1709)
18:50:16: Compiler error: invalid parameters in Examples.material(1022): setting of constant failed
18:50:16: OGRE EXCEPTION(2:InvalidParametersException): Named constants have not been initialised, perhaps a compile error. in GpuProgramParameters::_findNamedConstantDefinition at /home/navin/ogre/OgreMain/src/OgreGpuProgramParams.cpp (line 1709)
18:50:16: Compiler error: invalid parameters in Examples.material(1023): setting of constant failed
18:50:16: OGRE EXCEPTION(2:InvalidParametersException): Named constants have not been initialised, perhaps a compile error. in GpuProgramParameters::_findNamedConstantDefinition at /home/navin/ogre/OgreMain/src/OgreGpuProgramParams.cpp (line 1709)
18:50:16: Compiler error: invalid parameters in Examples.material(1025): setting of constant failed
18:50:16: OGRE EXCEPTION(2:InvalidParametersException): Named constants have not been initialised, perhaps a compile error. in GpuProgramParameters::_findNamedConstantDefinition at /home/navin/ogre/OgreMain/src/OgreGpuProgramParams.cpp (line 1709)
18:50:16: Compiler error: invalid parameters in Examples.material(1027): setting of constant failed
18:50:16: OGRE EXCEPTION(2:InvalidParametersException): Named constants have not been initialised, perhaps a compile error. in GpuProgramParameters::_findNamedConstantDefinition at /home/navin/ogre/OgreMain/src/OgreGpuProgramParams.cpp (line 1709)
18:50:16: Compiler error: invalid parameters in Examples.material(1028): setting of constant failed
18:50:16: OGRE EXCEPTION(2:InvalidParametersException): Named constants have not been initialised, perhaps a compile error. in GpuProgramParameters::_findNamedConstantDefinition at /home/navin/ogre/OgreMain/src/OgreGpuProgramParams.cpp (line 1709)
18:50:16: Compiler error: invalid parameters in Examples.material(1030): setting of constant failed
18:50:16: OGRE EXCEPTION(6:FileNotFoundException): Cannot locate resource Grass.cg in resource group General or any other group. in ResourceGroupManager::openResource at /home/navin/ogre/OgreMain/src/OgreResourceGroupManager.cpp (line 756)
18:50:16: High-level program Examples/GrassWaverReceiverFpCg encountered an error during loading and is thus not supported.
OGRE EXCEPTION(6:FileNotFoundException): Cannot locate resource Grass.cg in resource group General or any other group. in ResourceGroupManager::openResource at /home/navin/ogre/OgreMain/src/OgreResourceGroupManager.cpp (line 756)
18:50:16: OGRE EXCEPTION(2:InvalidParametersException): Named constants have not been initialised, perhaps a compile error. in GpuProgramParameters::_findNamedConstantDefinition at /home/navin/ogre/OgreMain/src/OgreGpuProgramParams.cpp (line 1709)
18:50:16: Compiler error: invalid parameters in Examples.material(1044): setting of constant failed
18:50:16: OGRE EXCEPTION(2:InvalidParametersException): Named constants have not been initialised, perhaps a compile error. in GpuProgramParameters::_findNamedConstantDefinition at /home/navin/ogre/OgreMain/src/OgreGpuProgramParams.cpp (line 1709)
18:50:16: Compiler error: invalid parameters in Examples.material(1045): setting of constant failed
18:50:16: OGRE EXCEPTION(2:InvalidParametersException): Named constants have not been initialised, perhaps a compile error. in GpuProgramParameters::_findNamedConstantDefinition at /home/navin/ogre/OgreMain/src/OgreGpuProgramParams.cpp (line 1709)
18:50:16: Compiler error: invalid parameters in Examples.material(1046): setting of constant failed
18:50:16: Compiler error: reference to a non existing object in Examples.material(1811)
18:50:16: Compiler error: reference to a non existing object in Examples.material(1814)
18:50:16: Compiler error: reference to a non existing object in Examples.material(2005)
18:50:16: Compiler error: reference to a non existing object in Examples.material(2009)
18:50:16: Compiler error: reference to a non existing object in Examples.material(2030)
18:50:16: Compiler error: reference to a non existing object in Examples.material(2034)
18:50:16: Compiler error: reference to a non existing object in Examples.material(2056)
18:50:16: Compiler error: reference to a non existing object in Examples.material(2060)
18:50:16: Compiler error: reference to a non existing object in Examples.material(2081)
18:50:16: Compiler error: reference to a non existing object in Examples.material(2085)
18:50:16: Compiler error: reference to a non existing object in Examples.material(2180)
18:50:16: Compiler error: reference to a non existing object in Examples.material(2185)
18:50:16: Compiler error: reference to a non existing object in Examples.material(2191)
18:50:16: OGRE EXCEPTION(6:FileNotFoundException): Cannot locate resource Example_Basic.cg in resource group General or any other group. in ResourceGroupManager::openResource at /home/navin/ogre/OgreMain/src/OgreResourceGroupManager.cpp (line 756)
18:50:16: High-level program Examples/ShowTangents_vCg encountered an error during loading and is thus not supported.
OGRE EXCEPTION(6:FileNotFoundException): Cannot locate resource Example_Basic.cg in resource group General or any other group. in ResourceGroupManager::openResource at /home/navin/ogre/OgreMain/src/OgreResourceGroupManager.cpp (line 756)
18:50:16: OGRE EXCEPTION(2:InvalidParametersException): Named constants have not been initialised, perhaps a compile error. in GpuProgramParameters::_findNamedConstantDefinition at /home/navin/ogre/OgreMain/src/OgreGpuProgramParams.cpp (line 1709)
18:50:16: Compiler error: invalid parameters in Examples.material(2335): setting of constant failed
18:50:16: OGRE EXCEPTION(6:FileNotFoundException): Cannot locate resource Example_Basic.cg in resource group General or any other group. in ResourceGroupManager::openResource at /home/navin/ogre/OgreMain/src/OgreResourceGroupManager.cpp (line 756)
18:50:16: High-level program Examples/ShowNormals_vCg encountered an error during loading and is thus not supported.
OGRE EXCEPTION(6:FileNotFoundException): Cannot locate resource Example_Basic.cg in resource group General or any other group. in ResourceGroupManager::openResource at /home/navin/ogre/OgreMain/src/OgreResourceGroupManager.cpp (line 756)
18:50:16: OGRE EXCEPTION(2:InvalidParametersException): Named constants have not been initialised, perhaps a compile error. in GpuProgramParameters::_findNamedConstantDefinition at /home/navin/ogre/OgreMain/src/OgreGpuProgramParams.cpp (line 1709)
18:50:16: Compiler error: invalid parameters in Examples.material(2397): setting of constant failed
18:50:16: Compiler error: reference to a non existing object in Examples.material(2458)
18:50:16: OGRE EXCEPTION(6:FileNotFoundException): Cannot locate resource Example_Basic.cg in resource group General or any other group. in ResourceGroupManager::openResource at /home/navin/ogre/OgreMain/src/OgreResourceGroupManager.cpp (line 756)
18:50:16: High-level program Examples/ShowUV_pCg encountered an error during loading and is thus not supported.
OGRE EXCEPTION(6:FileNotFoundException): Cannot locate resource Example_Basic.cg in resource group General or any other group. in ResourceGroupManager::openResource at /home/navin/ogre/OgreMain/src/OgreResourceGroupManager.cpp (line 756)
18:50:16: Compiler error: reference to a non existing object in Examples.material(2472)
18:50:16: OGRE EXCEPTION(6:FileNotFoundException): Cannot locate resource Example_Basic.cg in resource group General or any other group. in ResourceGroupManager::openResource at /home/navin/ogre/OgreMain/src/OgreResourceGroupManager.cpp (line 756)
18:50:16: High-level program Examples/ShowUVdir3D_pCg encountered an error during loading and is thus not supported.
OGRE EXCEPTION(6:FileNotFoundException): Cannot locate resource Example_Basic.cg in resource group General or any other group. in ResourceGroupManager::openResource at /home/navin/ogre/OgreMain/src/OgreResourceGroupManager.cpp (line 756)
18:50:16: Parsing script SdkTrays.fontdef
18:50:16: Parsing script SdkTrays.overlay
18:50:16: Bad element attribute line: '# you can offset the image to change the cursor "hotspot"' for element SdkTrays/Cursor in overlay 
18:50:16: Texture: sdk_cursor.png: Loading 1 faces(PF_A8R8G8B8,32x32x1) with 5 hardware generated mipmaps from Image. Internal format is PF_A8R8G8B8,32x32x1.
18:50:16: Texture: sdk_tray.png: Loading 1 faces(PF_A8R8G8B8,64x64x1) with 5 hardware generated mipmaps from Image. Internal format is PF_A8R8G8B8,64x64x1.
18:50:16: Texture: sdk_button_up.png: Loading 1 faces(PF_A8R8G8B8,128x32x1) with 5 hardware generated mipmaps from Image. Internal format is PF_A8R8G8B8,128x32x1.
18:50:16: Texture: sdk_text_box.png: Loading 1 faces(PF_A8R8G8B8,32x32x1) with 5 hardware generated mipmaps from Image. Internal format is PF_A8R8G8B8,32x32x1.
18:50:16: Texture: sdk_mini_tray.png: Loading 1 faces(PF_A8R8G8B8,32x32x1) with 5 hardware generated mipmaps from Image. Internal format is PF_A8R8G8B8,32x32x1.
18:50:16: Texture: sdk_track.png: Loading 1 faces(PF_A8R8G8B8,16x32x1) with 5 hardware generated mipmaps from Image. Internal format is PF_A8R8G8B8,16x32x1.
18:50:16: Texture: sdk_handle.png: Loading 1 faces(PF_A8R8G8B8,16x16x1) with 4 hardware generated mipmaps from Image. Internal format is PF_A8R8G8B8,16x16x1.
18:50:16: Texture: sdk_mini_text_box.png: Loading 1 faces(PF_A8R8G8B8,32x32x1) with 5 hardware generated mipmaps from Image. Internal format is PF_A8R8G8B8,32x32x1.
18:50:16: Texture: sdk_label.png: Loading 1 faces(PF_A8R8G8B8,32x32x1) with 5 hardware generated mipmaps from Image. Internal format is PF_A8R8G8B8,32x32x1.
18:50:16: Texture: sdk_separator.png: Loading 1 faces(PF_A8R8G8B8,64x16x1) with 5 hardware generated mipmaps from Image. Internal format is PF_A8R8G8B8,64x16x1.
18:50:16: Texture: sdk_logo.png: Loading 1 faces(PF_A8R8G8B8,128x64x1) with 5 hardware generated mipmaps from Image. Internal format is PF_A8R8G8B8,128x64x1.
18:50:16: Texture: sdk_shade.png: Loading 1 faces(PF_A8R8G8B8,64x48x1) with 5 hardware generated mipmaps from Image. Internal format is PF_A8R8G8B8,64x48x1.
18:50:16: Texture: sdk_frame.png: Loading 1 faces(PF_A8R8G8B8,32x32x1) with 5 hardware generated mipmaps from Image. Internal format is PF_A8R8G8B8,32x32x1.
18:50:16: Texture: sdk_mini_text_box_over.png: Loading 1 faces(PF_A8R8G8B8,32x32x1) with 5 hardware generated mipmaps from Image. Internal format is PF_A8R8G8B8,32x32x1.
18:50:16: Texture: sdk_pulse.png: Loading 1 faces(PF_R8G8B8,8x1x1) with 3 hardware generated mipmaps from Image. Internal format is PF_X8R8G8B8,8x1x1.
18:50:16: Finished parsing scripts for resource group General
18:50:16: Creating resources for group General
18:50:16: All done
18:50:16: Parsing scripts for resource group Internal
18:50:16: Finished parsing scripts for resource group Internal
18:50:16: Creating resources for group Internal
18:50:16: All done
18:50:16: *** Initializing OIS ***
18:50:16: Texture: sea.png: Loading 1 faces(PF_R8G8B8,1024x1024x1) with 5 hardware generated mipmaps from Image. Internal format is PF_X8R8G8B8,1024x1024x1.
18:50:16: Mesh: Loading alienship.mesh.
18:50:16: WARNING: alienship.mesh is an older format ([MeshSerializer_v1.40]); you should upgrade it as soon as possible using the OgreMeshUpgrade tool.
18:50:16: Can't assign material al-1 to SubEntity of Ogre/MO2 because this Material does not exist. Have you forgotten to define it in a .material script?
18:50:16: Texture: 5.png: Loading 1 faces(PF_R8G8B8,300x140x1) with 5 hardware generated mipmaps from Image. Internal format is PF_X8R8G8B8,300x140x1.
18:50:16: Mesh: Loading cigarette.mesh.
18:50:16: WARNING: cigarette.mesh is an older format ([MeshSerializer_v1.40]); you should upgrade it as soon as possible using the OgreMeshUpgrade tool.
18:50:16: Can't assign material SOLID/TEX/ecslHorizontal.bmp to SubEntity of Ogre/MO3 because this Material does not exist. Have you forgotten to define it in a .material script?
18:50:16: Mesh: Loading ddg51.mesh.
18:50:16: WARNING: ddg51.mesh is an older format ([MeshSerializer_v1.40]); you should upgrade it as soon as possible using the OgreMeshUpgrade tool.
18:50:16: Can't assign material C000015/SOLID/TEX/ecslHorizontal.bmp to SubEntity of Ogre/MO4 because this Material does not exist. Have you forgotten to define it in a .material script?
18:50:16: Can't assign material C000018/SOLID/TEX/ecslHorizontal.bmp to SubEntity of Ogre/MO4 because this Material does not exist. Have you forgotten to define it in a .material script?
18:50:16: Can't assign material C000013/SOLID/TEX/ecslHorizontal.bmp to SubEntity of Ogre/MO4 because this Material does not exist. Have you forgotten to define it in a .material script?
18:50:16: Can't assign material C000016/SOLID/TEX/ecslHorizontal.bmp to SubEntity of Ogre/MO4 because this Material does not exist. Have you forgotten to define it in a .material script?
18:50:16: Can't assign material C000005/SOLID/TEX/ecslHorizontal.bmp to SubEntity of Ogre/MO4 because this Material does not exist. Have you forgotten to define it in a .material script?
18:50:16: Can't assign material C000011/SOLID/TEX/ecslHorizontal.bmp to SubEntity of Ogre/MO4 because this Material does not exist. Have you forgotten to define it in a .material script?
18:50:16: Can't assign material C000017/SOLID/TEX/ecslHorizontal.bmp to SubEntity of Ogre/MO4 because this Material does not exist. Have you forgotten to define it in a .material script?
18:50:16: Can't assign material C000004/SOLID/TEX/ecslHorizontal.bmp to SubEntity of Ogre/MO4 because this Material does not exist. Have you forgotten to define it in a .material script?
18:50:16: Can't assign material C000003/SOLID/TEX/ecslHorizontal.bmp to SubEntity of Ogre/MO4 because this Material does not exist. Have you forgotten to define it in a .material script?
18:50:16: Can't assign material C000002/SOLID/TEX/ecslHorizontal.bmp to SubEntity of Ogre/MO4 because this Material does not exist. Have you forgotten to define it in a .material script?
18:50:16: Can't assign material C000012/SOLID/TEX/ecslHorizontal.bmp to SubEntity of Ogre/MO4 because this Material does not exist. Have you forgotten to define it in a .material script?
18:50:16: Can't assign material C000000/SOLID/TEX/ecslHorizontal.bmp to SubEntity of Ogre/MO4 because this Material does not exist. Have you forgotten to define it in a .material script?
18:50:16: Can't assign material C000007/SOLID/TEX/ecslHorizontal.bmp to SubEntity of Ogre/MO4 because this Material does not exist. Have you forgotten to define it in a .material script?
18:50:16: Can't assign material C000006/SOLID/TEX/ecslHorizontal.bmp to SubEntity of Ogre/MO4 because this Material does not exist. Have you forgotten to define it in a .material script?
18:50:16: Can't assign material Deck/SOLID/TEX/ecslHorizontal.bmp to SubEntity of Ogre/MO4 because this Material does not exist. Have you forgotten to define it in a .material script?
18:50:16: Mesh: Loading cvn68.mesh.
18:50:16: WARNING: cvn68.mesh is an older format ([MeshSerializer_v1.40]); you should upgrade it as soon as possible using the OgreMeshUpgrade tool.
18:50:16: Can't assign material DECK_WHITE/SOLID/TEX/ecslDark.bmp/VertCol to SubEntity of Ogre/MO5 because this Material does not exist. Have you forgotten to define it in a .material script?
18:50:16: Can't assign material RED/SOLID/TEX/ecslDark.bmp/VertCol to SubEntity of Ogre/MO5 because this Material does not exist. Have you forgotten to define it in a .material script?
18:50:16: Can't assign material WHITE/SOLID/TEX/ecslDark.bmp/VertCol to SubEntity of Ogre/MO5 because this Material does not exist. Have you forgotten to define it in a .material script?
18:50:16: Can't assign material ATT_ARRAY/SOLID/TEX/ecslDark.bmp/VertCol to SubEntity of Ogre/MO5 because this Material does not exist. Have you forgotten to define it in a .material script?
18:50:16: Can't assign material PADSBOX211/SOLID/TEX/ecslDark.bmp/VertCol to SubEntity of Ogre/MO5 because this Material does not exist. Have you forgotten to define it in a .material script?
18:50:16: Can't assign material DEF_4/SOLID/TEX/ecslDark.bmp/VertCol to SubEntity of Ogre/MO5 because this Material does not exist. Have you forgotten to define it in a .material script?
18:50:16: Can't assign material CLUTTER/SOLID/TEX/ecslDark.bmp/VertCol to SubEntity of Ogre/MO5 because this Material does not exist. Have you forgotten to define it in a .material script?
18:50:16: Can't assign material DEF_2/SOLID/TEX/ecslDark.bmp/VertCol to SubEntity of Ogre/MO5 because this Material does not exist. Have you forgotten to define it in a .material script?
18:50:16: Can't assign material YELLOW/SOLID/TEX/ecslDark.bmp/VertCol to SubEntity of Ogre/MO5 because this Material does not exist. Have you forgotten to define it in a .material script?
18:50:16: Can't assign material DEF_1/SOLID/TEX/ecslDark.bmp/VertCol to SubEntity of Ogre/MO5 because this Material does not exist. Have you forgotten to define it in a .material script?
18:50:16: Can't assign material FLIGHT-DECK/SOLID/TEX/ecslDark.bmp/VertCol to SubEntity of Ogre/MO5 because this Material does not exist. Have you forgotten to define it in a .material script?
18:50:16: Can't assign material HULL/SOLID/TEX/ecslDark.bmp/VertCol to SubEntity of Ogre/MO5 because this Material does not exist. Have you forgotten to define it in a .material script?
18:50:16: Can't assign material CAT-TRACK/SOLID/TEX/ecslDark.bmp/VertCol to SubEntity of Ogre/MO5 because this Material does not exist. Have you forgotten to define it in a .material script?
18:50:16: Texture: 4.png: Loading 1 faces(PF_R8G8B8,256x256x1) with 5 hardware generated mipmaps from Image. Internal format is PF_X8R8G8B8,256x256x1.
18:50:16: Mesh: Loading sleek.mesh.
18:50:16: WARNING: sleek.mesh is an older format ([MeshSerializer_v1.40]); you should upgrade it as soon as possible using the OgreMeshUpgrade tool.
18:50:16: Can't assign material DD21-Cabin-X/SOLID/TEX/ecsl.bmp to SubEntity of Ogre/MO6 because this Material does not exist. Have you forgotten to define it in a .material script?
18:50:16: Can't assign material DD21-Cabin-Cubic/SOLID/TEX/ecsl.bmp to SubEntity of Ogre/MO6 because this Material does not exist. Have you forgotten to define it in a .material script?
18:50:16: Can't assign material DD21-Arrays/SOLID/TEX/ecsl.bmp to SubEntity of Ogre/MO6 because this Material does not exist. Have you forgotten to define it in a .material script?
18:50:16: Can't assign material DD21-Helo-Deck/SOLID/TEX/ecsl.bmp to SubEntity of Ogre/MO6 because this Material does not exist. Have you forgotten to define it in a .material script?
18:50:16: Can't assign material DD21-Main-Rim/SOLID/TEX/ecsl.bmp to SubEntity of Ogre/MO6 because this Material does not exist. Have you forgotten to define it in a .material script?
18:50:16: Can't assign material DD21-Main-Deck/SOLID/TEX/ecsl.bmp to SubEntity of Ogre/MO6 because this Material does not exist. Have you forgotten to define it in a .material script?
18:50:16: Can't assign material DD21-Pipe/SOLID/TEX/ecsl.bmp to SubEntity of Ogre/MO6 because this Material does not exist. Have you forgotten to define it in a .material script?
18:50:16: Can't assign material DD21-Cabin-Z/SOLID/TEX/ecsl.bmp to SubEntity of Ogre/MO6 because this Material does not exist. Have you forgotten to define it in a .material script?
18:50:16: Can't assign material DD21-Dark-Hatche/SOLID/TEX/ecsl.bmp to SubEntity of Ogre/MO6 because this Material does not exist. Have you forgotten to define it in a .material script?
18:50:16: Can't assign material DD21-Main-Hull/SOLID/TEX/ecsl.bmp to SubEntity of Ogre/MO6 because this Material does not exist. Have you forgotten to define it in a .material script?
18:50:16: Can't assign material DD21-White/SOLID/TEX/ecsl.bmp to SubEntity of Ogre/MO6 because this Material does not exist. Have you forgotten to define it in a .material script?
18:50:16: Texture: 2.png: Loading 1 faces(PF_R8G8B8,128x128x1) with 5 hardware generated mipmaps from Image. Internal format is PF_X8R8G8B8,128x128x1.
18:55:44: DefaultWorkQueue('Root') shutting down on thread 7f8f3e42b800.
18:55:44: DefaultWorkQueue('Root')::WorkerFunc - thread 7f8f3012b700 stopped.
18:55:44: DefaultWorkQueue('Root')::WorkerFunc - thread 7f8f2f92a700 stopped.
18:55:44: DefaultWorkQueue('Root')::WorkerFunc - thread 7f8f27fff700 stopped.
18:55:44: DefaultWorkQueue('Root')::WorkerFunc - thread 7f8f2f129700 stopped.
18:55:44: DefaultWorkQueue('Root')::WorkerFunc - thread 7f8f2e928700 stopped.
18:55:44: DefaultWorkQueue('Root')::WorkerFunc - thread 7f8f2e127700 stopped.
18:55:44: DefaultWorkQueue('Root')::WorkerFunc - thread 7f8f2d926700 stopped.
18:55:44: DefaultWorkQueue('Root')::WorkerFunc - thread 7f8f2d125700 stopped.
18:55:44: PCZone Factory Type 'ZoneType_Octree' unregistered
18:55:44: Unregistering ResourceManager for type BspLevel
18:55:44: *-*-* OGRE Shutdown
18:55:44: Unregistering ResourceManager for type Compositor
18:55:44: Unregistering ResourceManager for type Skeleton
18:55:44: Unregistering ResourceManager for type Mesh
18:55:44: Unregistering ResourceManager for type HighLevelGpuProgram
18:55:44: Uninstalling plugin: Octree Scene Manager
18:55:44: Plugin successfully uninstalled
18:55:44: Unloading library /usr/local/lib/OGRE/Plugin_OctreeSceneManager
18:55:44: Uninstalling plugin: Octree Zone Factory
18:55:44: Plugin successfully uninstalled
18:55:44: Unloading library /usr/local/lib/OGRE/Plugin_OctreeZone
18:55:44: Uninstalling plugin: Portal Connected Zone Scene Manager
18:55:44: Plugin successfully uninstalled
18:55:44: Unloading library /usr/local/lib/OGRE/Plugin_PCZSceneManager
18:55:44: Uninstalling plugin: Cg Program Manager
18:55:44: Plugin successfully uninstalled
18:55:44: Unloading library /usr/local/lib/OGRE/Plugin_CgProgramManager
18:55:44: Uninstalling plugin: BSP Scene Manager
18:55:44: Plugin successfully uninstalled
18:55:44: Unloading library /usr/local/lib/OGRE/Plugin_BSPSceneManager
18:55:44: Uninstalling plugin: ParticleFX
18:55:44: Plugin successfully uninstalled
18:55:44: Unloading library /usr/local/lib/OGRE/Plugin_ParticleFX
18:55:44: Uninstalling plugin: GL RenderSystem
18:55:44: Unregistering ResourceManager for type GpuProgram
18:55:44: ******************************
*** Stopping GLX Subsystem ***
******************************
18:55:44: Unregistering ResourceManager for type Texture
18:55:44: Plugin successfully uninstalled
18:55:44: Unloading library /usr/local/lib/OGRE/RenderSystem_GL
18:55:44: Unregistering ResourceManager for type Material
